2020-01-28 05:35:37,005 Master nodes are : ['raf010-mst-01.cloud.in.guavus.com', 'raf010-mst-02.cloud.in.guavus.com']
2020-01-28 05:35:37,006 Executing command: sudo scp -r /tmp/cdap_tar/cdap/security guavus@raf010-mst-01.cloud.in.guavus.com:/tmp/
2020-01-28 05:36:07,220 Executing command : chmod 0644 /etc/logrotate.d/cdap on remote node
2020-01-28 05:36:09,003 Executing command : /usr/sbin/logrotate -d /etc/logrotate.d/cdap
2020-01-28 05:36:10,869 Executing command : sudo rm -rf /opt/cdap/master/ext/security/*
2020-01-28 05:36:12,880 Executing command : sudo cp /tmp/security/*  /opt/cdap/master/ext/security/
2020-01-28 05:36:15,298 Executing command : sudo chown cdap:cdap -R /opt/cdap/master/ext/security/
2020-01-28 05:36:17,213 Executing command: sudo scp -r /tmp/cdap_tar/cdap/security guavus@raf010-mst-02.cloud.in.guavus.com:/tmp/
2020-01-28 05:36:47,438 Executing command : chmod 0644 /etc/logrotate.d/cdap on remote node
2020-01-28 05:36:49,177 Executing command : /usr/sbin/logrotate -d /etc/logrotate.d/cdap
2020-01-28 05:36:51,132 Executing command : sudo rm -rf /opt/cdap/master/ext/security/*
2020-01-28 05:36:53,141 Executing command : sudo cp /tmp/security/*  /opt/cdap/master/ext/security/
2020-01-28 05:36:55,222 Executing command : sudo chown cdap:cdap -R /opt/cdap/master/ext/security/
2020-01-28 05:37:43,336 Master nodes are : ['raf010-mst-01.cloud.in.guavus.com', 'raf010-mst-02.cloud.in.guavus.com']
2020-01-28 05:37:43,336 Executing command: sudo scp -r /tmp/cdap_tar/cdap/security guavus@raf010-mst-01.cloud.in.guavus.com:/tmp/
2020-01-28 05:38:13,563 Executing command : chmod 0644 /etc/logrotate.d/cdap on remote node
2020-01-28 05:38:15,337 Executing command : /usr/sbin/logrotate -d /etc/logrotate.d/cdap
2020-01-28 05:38:17,225 Executing command : sudo rm -rf /opt/cdap/master/ext/security/*
2020-01-28 05:38:19,245 Executing command : sudo cp /tmp/security/*  /opt/cdap/master/ext/security/
2020-01-28 05:38:21,437 Executing command : sudo chown cdap:cdap -R /opt/cdap/master/ext/security/
2020-01-28 05:38:23,483 Executing command: sudo scp -r /tmp/cdap_tar/cdap/security guavus@raf010-mst-02.cloud.in.guavus.com:/tmp/
2020-01-28 05:38:53,718 Executing command : chmod 0644 /etc/logrotate.d/cdap on remote node
2020-01-28 05:38:55,484 Executing command : /usr/sbin/logrotate -d /etc/logrotate.d/cdap
2020-01-28 05:38:57,371 Executing command : sudo rm -rf /opt/cdap/master/ext/security/*
2020-01-28 05:38:59,353 Executing command : sudo cp /tmp/security/*  /opt/cdap/master/ext/security/
2020-01-28 05:39:01,443 Executing command : sudo chown cdap:cdap -R /opt/cdap/master/ext/security/
2020-01-28 05:42:14,451 Master nodes are : ['raf010-mst-01.cloud.in.guavus.com', 'raf010-mst-02.cloud.in.guavus.com']
2020-01-28 05:42:14,451 Executing command: sudo scp -r /tmp/cdap_tar/cdap/security guavus@raf010-mst-01.cloud.in.guavus.com:/tmp/
2020-01-28 05:43:08,469 Master nodes are : ['raf010-mst-01.cloud.in.guavus.com', 'raf010-mst-02.cloud.in.guavus.com']
2020-01-28 05:43:08,469 Executing command: sudo scp -r /tmp/cdap_tar/cdap/security guavus@raf010-mst-01.cloud.in.guavus.com:/tmp/
2020-01-28 05:43:38,727 Executing command : chmod 0644 /etc/logrotate.d/cdap on remote node
2020-01-28 05:43:40,491 Executing command : /usr/sbin/logrotate -d /etc/logrotate.d/cdap
2020-01-28 05:43:42,371 Executing command : sudo rm -rf /opt/cdap/master/ext/security/*
2020-01-28 05:43:44,430 Executing command : sudo cp /tmp/security/*  /opt/cdap/master/ext/security/
2020-01-28 05:43:46,861 Executing command : sudo chown cdap:cdap -R /opt/cdap/master/ext/security/
2020-01-28 05:43:48,866 Executing command: sudo scp -r /tmp/cdap_tar/cdap/security guavus@raf010-mst-02.cloud.in.guavus.com:/tmp/
2020-01-28 05:44:19,108 Executing command : chmod 0644 /etc/logrotate.d/cdap on remote node
2020-01-28 05:44:21,032 Executing command : /usr/sbin/logrotate -d /etc/logrotate.d/cdap
2020-01-28 05:44:22,912 Executing command : sudo rm -rf /opt/cdap/master/ext/security/*
2020-01-28 05:44:25,059 Executing command : sudo cp /tmp/security/*  /opt/cdap/master/ext/security/
2020-01-28 05:44:27,040 Executing command : sudo chown cdap:cdap -R /opt/cdap/master/ext/security/
2020-01-28 05:48:02,660 Master nodes are : ['raf010-mst-01.cloud.in.guavus.com', 'raf010-mst-02.cloud.in.guavus.com']
2020-01-28 05:48:02,660 Executing command: sudo scp -r /tmp/cdap_tar/cdap/security guavus@raf010-mst-01.cloud.in.guavus.com:/tmp/
2020-01-28 05:48:04,575 Executing command : chmod 0644 /etc/logrotate.d/cdap on remote node
2020-01-28 05:48:06,349 Executing command : /usr/sbin/logrotate -d /etc/logrotate.d/cdap
2020-01-28 05:48:08,287 Executing command : sudo rm -rf /opt/cdap/master/ext/security/*
2020-01-28 05:48:10,376 Executing command : sudo cp /tmp/security/*  /opt/cdap/master/ext/security/
2020-01-28 05:48:12,705 Executing command : sudo chown cdap:cdap -R /opt/cdap/master/ext/security/
2020-01-28 05:48:14,715 Executing command: sudo scp -r /tmp/cdap_tar/cdap/security guavus@raf010-mst-02.cloud.in.guavus.com:/tmp/
2020-01-28 05:48:16,650 Executing command : chmod 0644 /etc/logrotate.d/cdap on remote node
2020-01-28 05:48:18,419 Executing command : /usr/sbin/logrotate -d /etc/logrotate.d/cdap
2020-01-28 05:48:20,285 Executing command : sudo rm -rf /opt/cdap/master/ext/security/*
2020-01-28 05:48:22,275 Executing command : sudo cp /tmp/security/*  /opt/cdap/master/ext/security/
2020-01-28 05:48:24,315 Executing command : sudo chown cdap:cdap -R /opt/cdap/master/ext/security/
2020-01-28 05:52:23,537 Master nodes are : ['raf010-mst-01.cloud.in.guavus.com', 'raf010-mst-02.cloud.in.guavus.com']
2020-01-28 05:52:23,537 Executing command: sudo scp -r /tmp/cdap_tar/cdap/security guavus@raf010-mst-01.cloud.in.guavus.com:/tmp/
2020-01-28 05:52:25,536 Executing command : chmod 0644 /etc/logrotate.d/cdap on remote node
2020-01-28 05:52:27,277 Executing command : /usr/sbin/logrotate -d /etc/logrotate.d/cdap
2020-01-28 05:52:29,173 Executing command : sudo rm -rf /opt/cdap/master/ext/security/*
2020-01-28 05:52:31,226 Executing command : sudo cp /tmp/security/*  /opt/cdap/master/ext/security/
2020-01-28 05:52:33,473 Executing command : sudo chown cdap:cdap -R /opt/cdap/master/ext/security/
2020-01-28 05:52:35,535 Executing command: sudo scp -r /tmp/cdap_tar/cdap/security guavus@raf010-mst-02.cloud.in.guavus.com:/tmp/
2020-01-28 05:52:37,425 Executing command : chmod 0644 /etc/logrotate.d/cdap on remote node
2020-01-28 05:52:39,191 Executing command : /usr/sbin/logrotate -d /etc/logrotate.d/cdap
2020-01-28 05:52:41,071 Executing command : sudo rm -rf /opt/cdap/master/ext/security/*
2020-01-28 05:52:43,065 Executing command : sudo cp /tmp/security/*  /opt/cdap/master/ext/security/
2020-01-28 05:52:45,164 Executing command : sudo chown cdap:cdap -R /opt/cdap/master/ext/security/
2020-01-28 05:54:42,036 Master nodes are : ['raf010-mst-01.cloud.in.guavus.com', 'raf010-mst-02.cloud.in.guavus.com']
2020-01-28 05:54:42,036 Executing command: sudo scp -r /tmp/cdap_tar/cdap/security guavus@raf010-mst-01.cloud.in.guavus.com:/tmp/
2020-01-28 05:54:43,891 Executing command : chmod 0644 /etc/logrotate.d/cdap on remote node
2020-01-28 05:54:45,581 Executing command : /usr/sbin/logrotate -d /etc/logrotate.d/cdap
2020-01-28 05:54:47,387 Executing command : sudo rm -rf /opt/cdap/master/ext/security/*
2020-01-28 05:54:49,327 Executing command : sudo cp /tmp/security/*  /opt/cdap/master/ext/security/
2020-01-28 05:54:51,450 Executing command : sudo chown cdap:cdap -R /opt/cdap/master/ext/security/
2020-01-28 05:54:53,351 Executing command: sudo scp -r /tmp/cdap_tar/cdap/security guavus@raf010-mst-02.cloud.in.guavus.com:/tmp/
2020-01-28 05:54:55,127 Executing command : chmod 0644 /etc/logrotate.d/cdap on remote node
2020-01-28 05:54:56,941 Executing command : /usr/sbin/logrotate -d /etc/logrotate.d/cdap
2020-01-28 05:54:58,737 Executing command : sudo rm -rf /opt/cdap/master/ext/security/*
2020-01-28 05:55:00,584 Executing command : sudo cp /tmp/security/*  /opt/cdap/master/ext/security/
2020-01-28 05:55:02,608 Executing command : sudo chown cdap:cdap -R /opt/cdap/master/ext/security/
